#
# There is insufficient memory for the Java Runtime Environment to continue.
# Native memory allocation (mmap) failed to map 264241152 bytes. Error detail: G1 virtual space
# Possible reasons:
#   The system is out of physical RAM or swap space
#   This process is running with CompressedOops enabled, and the Java Heap may be blocking the growth of the native heap
# Possible solutions:
#   Reduce memory load on the system
#   Increase physical memory or swap space
#   Check if swap backing store is full
#   Decrease Java heap size (-Xmx/-Xms)
#   Decrease number of Java threads
#   Decrease Java thread stack sizes (-Xss)
#   Set larger code cache with -XX:ReservedCodeCacheSize=
#   JVM is running with Zero Based Compressed Oops mode in which the Java heap is
#     placed in the first 32GB address space. The Java Heap base address is the
#     maximum limit for the native heap growth. Please use -XX:HeapBaseMinAddress
#     to set the Java Heap base and to place the Java Heap above 32GB virtual address.
# This output file may be truncated or incomplete.
#
#  Out of Memory Error (os_windows.cpp:3703), pid=10044, tid=7128
#
# JRE version:  (23.0+37) (build )
# Java VM: Java HotSpot(TM) 64-Bit Server VM (23+37-2369, mixed mode, sharing, tiered, compressed oops, compressed class ptrs, g1 gc, windows-amd64)
# No core dump will be written. Minidumps are not enabled by default on client versions of Windows
#

---------------  S U M M A R Y ------------

Command Line: -Dmaven.multiModuleProjectDirectory=C:\Users\Amine Maghrebi\Desktop\Val\ValidationProjet org.apache.maven.wrapper.MavenWrapperMain clean javafx:run

Host: 11th Gen Intel(R) Core(TM) i5-11320H @ 3.20GHz, 8 cores, 15G,  Windows 11 , 64 bit Build 26100 (10.0.26100.7920)
Time: Thu Apr 16 22:03:09 2026 Afr. centrale Ouest elapsed time: 1.112424 seconds (0d 0h 0m 1s)

---------------  T H R E A D  ---------------

Current thread (0x0000027d2c187760):  JavaThread "Unknown thread" [_thread_in_vm, id=7128, stack(0x000000e83f300000,0x000000e83f400000) (1024K)]

Stack: [0x000000e83f300000,0x000000e83f400000]
Native frames: (J=compiled Java code, j=interpreted, Vv=VM code, C=native code)
V  [jvm.dll+0x6e08a9]  (no source info available)
V  [jvm.dll+0x87da63]  (no source info available)
V  [jvm.dll+0x87feee]  (no source info available)
V  [jvm.dll+0x8805c3]  (no source info available)
V  [jvm.dll+0x27aee6]  (no source info available)
V  [jvm.dll+0x6dd1b5]  (no source info available)
V  [jvm.dll+0x6d103a]  (no source info available)
V  [jvm.dll+0x35b3ea]  (no source info available)
V  [jvm.dll+0x3637f6]  (no source info available)
V  [jvm.dll+0x34fd5e]  (no source info available)
V  [jvm.dll+0x34fff8]  (no source info available)
V  [jvm.dll+0x3289cc]  (no source info available)
V  [jvm.dll+0x32966e]  (no source info available)
V  [jvm.dll+0x8442e5]  (no source info available)
V  [jvm.dll+0x3b9848]  (no source info available)
V  [jvm.dll+0x82d0dc]  (no source info available)
V  [jvm.dll+0x454d4e]  (no source info available)
V  [jvm.dll+0x456bd1]  (no source info available)
C  [jli.dll+0x52a3]  (no source info available)
C  [ucrtbase.dll+0x37b0]  (no source info available)
C  [KERNEL32.DLL+0x2e8d7]  (no source info available)
C  [ntdll.dll+0x8c48c]  (no source info available)

Lock stack of current Java thread (top to bottom):


---------------  P R O C E S S  ---------------

Threads class SMR info:
_java_thread_list=0x00007ff96b293618, length=0, elements={
}

Java Threads: ( => current thread )
Total: 0

Other Threads:
  0x0000027d2c754930 WorkerThread "GC Thread#0"                     [id=14408, stack(0x000000e83f400000,0x000000e83f500000) (1024K)]
  0x0000027d2c769480 ConcurrentGCThread "G1 Main Marker"            [id=23288, stack(0x000000e83f500000,0x000000e83f600000) (1024K)]
  0x0000027d2c769f90 WorkerThread "G1 Conc#0"                       [id=16588, stack(0x000000e83f600000,0x000000e83f700000) (1024K)]

[error occurred during error reporting (printing all threads), id 0xc0000005, EXCEPTION_ACCESS_VIOLATION (0xc0000005) at pc=0x00007ff96a9dbfba]
VM state: not at safepoint (not fully initialized)

VM Mutex/Monitor currently owned by a thread:  ([mutex/lock_event])
[0x00007ff96b313a10] Heap_lock - owner thread: 0x0000027d2c187760

Heap address: 0x0000000704000000, size: 4032 MB, Compressed Oops mode: Zero based, Oop shift amount: 3

CDS archive(s) mapped at: [0x0000000000000000-0x0000000000000000-0x0000000000000000), size 0, SharedBaseAddress: 0x0000000800000000, ArchiveRelocationMode: 1.
Narrow klass base: 0x0000000000000000, Narrow klass shift: 0, Narrow klass range: 0x0

GC Precious Log:
 CardTable entry size: 512
 Card Set container configuration: InlinePtr #cards 4 size 8 Array Of Cards #cards 16 size 48 Howl #buckets 8 coarsen threshold 3686 Howl Bitmap #cards 512 size 80 coarsen threshold 460 Card regions per heap region 1 cards per card region 4096

Heap:
 garbage-first heap   total reserved 4128768K, committed 0K, used 0K [0x0000000704000000, 0x0000000800000000)
  region size 2048K, 0 young (0K), 0 survivors (0K)

[error occurred during error reporting (printing heap information), id 0xc0000005, EXCEPTION_ACCESS_VIOLATION (0xc0000005) at pc=0x00007ff96addc3b9]
GC Heap History (0 events):
No events

Dll operation events (1 events):
Event: 0.017 Loaded shared library C:\Program Files\Java\jdk-23\bin\java.dll

Deoptimization events (0 events):
No events

Classes loaded (0 events):
No events

Classes unloaded (0 events):
No events

Classes redefined (0 events):
No events

Internal exceptions (0 events):
No events

VM Operations (0 events):
No events

Memory protections (0 events):
No events

Nmethod flushes (0 events):
No events

Events (0 events):
No events


Dynamic libraries:
0x00007ff7080d0000 - 0x00007ff7080e0000 	C:\Program Files\Java\jdk-23\bin\java.exe
0x00007ff9fe640000 - 0x00007ff9fe8a7000 	C:\WINDOWS\SYSTEM32\ntdll.dll
0x00007ff9fe020000 - 0x00007ff9fe0e9000 	C:\WINDOWS\System32\KERNEL32.DLL
0x00007ff9fb690000 - 0x00007ff9fba81000 	C:\WINDOWS\System32\KERNELBASE.dll
0x00007ff9fb540000 - 0x00007ff9fb68b000 	C:\WINDOWS\System32\ucrtbase.dll
0x00007ff9e9090000 - 0x00007ff9e90ab000 	C:\Program Files\Java\jdk-23\bin\VCRUNTIME140.dll
0x00007ff9e58b0000 - 0x00007ff9e58c7000 	C:\Program Files\Java\jdk-23\bin\jli.dll
0x00007ff9fd290000 - 0x00007ff9fd455000 	C:\WINDOWS\System32\USER32.dll
0x00007ff9fba90000 - 0x00007ff9fbab7000 	C:\WINDOWS\System32\win32u.dll
0x00007ff9dde50000 - 0x00007ff9de0e3000 	C:\WINDOWS\WinSxS\amd64_microsoft.windows.common-controls_6595b64144ccf1df_6.0.26100.8037_none_3e092faae333b53b\COMCTL32.dll
0x00007ff9fddf0000 - 0x00007ff9fde99000 	C:\WINDOWS\System32\msvcrt.dll
0x00007ff9fe0f0000 - 0x00007ff9fe11b000 	C:\WINDOWS\System32\GDI32.dll
0x00007ff9fb150000 - 0x00007ff9fb27b000 	C:\WINDOWS\System32\gdi32full.dll
0x00007ff9fc330000 - 0x00007ff9fc3d3000 	C:\WINDOWS\System32\msvcp_win.dll
0x00007ff9fdfe0000 - 0x00007ff9fe011000 	C:\WINDOWS\System32\IMM32.DLL
0x00007ff9f7f00000 - 0x00007ff9f7f0c000 	C:\Program Files\Java\jdk-23\bin\vcruntime140_1.dll
0x00007ff9da070000 - 0x00007ff9da0fe000 	C:\Program Files\Java\jdk-23\bin\msvcp140.dll
0x00007ff96a6a0000 - 0x00007ff96b3ef000 	C:\Program Files\Java\jdk-23\bin\server\jvm.dll
0x00007ff9fc550000 - 0x00007ff9fc60b000 	C:\WINDOWS\System32\ADVAPI32.dll
0x00007ff9fc4a0000 - 0x00007ff9fc547000 	C:\WINDOWS\System32\sechost.dll
0x00007ff9fe1c0000 - 0x00007ff9fe2d8000 	C:\WINDOWS\System32\RPCRT4.dll
0x00007ff9fe130000 - 0x00007ff9fe1a4000 	C:\WINDOWS\System32\WS2_32.dll
0x00007ff9fad80000 - 0x00007ff9fadde000 	C:\WINDOWS\SYSTEM32\POWRPROF.dll
0x00007ff9e7f10000 - 0x00007ff9e7f1b000 	C:\WINDOWS\SYSTEM32\VERSION.dll
0x00007ff9f09f0000 - 0x00007ff9f0a25000 	C:\WINDOWS\SYSTEM32\WINMM.dll
0x00007ff9fad60000 - 0x00007ff9fad74000 	C:\WINDOWS\SYSTEM32\UMPDC.dll
0x00007ff9f9cb0000 - 0x00007ff9f9ccb000 	C:\WINDOWS\SYSTEM32\kernel.appcore.dll
0x00007ff9f6110000 - 0x00007ff9f611a000 	C:\Program Files\Java\jdk-23\bin\jimage.dll
0x00007ff9f8930000 - 0x00007ff9f8b72000 	C:\WINDOWS\SYSTEM32\DBGHELP.DLL
0x00007ff9fd6c0000 - 0x00007ff9fda42000 	C:\WINDOWS\System32\combase.dll
0x00007ff9fd540000 - 0x00007ff9fd617000 	C:\WINDOWS\System32\OLEAUT32.dll
0x00007ff9e7760000 - 0x00007ff9e779b000 	C:\WINDOWS\SYSTEM32\dbgcore.DLL
0x00007ff9fb0a0000 - 0x00007ff9fb145000 	C:\WINDOWS\System32\bcryptPrimitives.dll
0x00007ff9e2e40000 - 0x00007ff9e2e5e000 	C:\Program Files\Java\jdk-23\bin\java.dll
0x00007ff9fe3e0000 - 0x00007ff9fe575000 	C:\WINDOWS\System32\ole32.dll
0x00007ff9fc610000 - 0x00007ff9fcd6f000 	C:\WINDOWS\System32\SHELL32.dll
0x00007ff9fb280000 - 0x00007ff9fb3ea000 	C:\WINDOWS\System32\wintypes.dll

dbghelp: loaded successfully - version: 4.0.5 - missing functions: none
symbol engine: initialized successfully - sym options: 0x614 - pdb path: .;C:\Program Files\Java\jdk-23\bin;C:\WINDOWS\SYSTEM32;C:\WINDOWS\WinSxS\amd64_microsoft.windows.common-controls_6595b64144ccf1df_6.0.26100.8037_none_3e092faae333b53b;C:\Program Files\Java\jdk-23\bin\server

VM Arguments:
jvm_args: -Dmaven.multiModuleProjectDirectory=C:\Users\Amine Maghrebi\Desktop\Val\ValidationProjet 
java_command: org.apache.maven.wrapper.MavenWrapperMain clean javafx:run
java_class_path (initial): C:\Users\Amine Maghrebi\Desktop\Val\ValidationProjet\.mvn\wrapper\maven-wrapper.jar
Launcher Type: SUN_STANDARD

[Global flags]
     intx CICompilerCount                          = 4                                         {product} {ergonomic}
     uint ConcGCThreads                            = 2                                         {product} {ergonomic}
     uint G1ConcRefinementThreads                  = 8                                         {product} {ergonomic}
   size_t G1HeapRegionSize                         = 2097152                                   {product} {ergonomic}
   size_t InitialHeapSize                          = 264241152                                 {product} {ergonomic}
   size_t MarkStackSize                            = 4194304                                   {product} {ergonomic}
   size_t MarkStackSizeMax                         = 536870912                                 {product} {ergonomic}
   size_t MaxHeapSize                              = 4227858432                                {product} {ergonomic}
   size_t MinHeapDeltaBytes                        = 2097152                                   {product} {ergonomic}
   size_t MinHeapSize                              = 8388608                                   {product} {ergonomic}
    uintx NonNMethodCodeHeapSize                   = 5832704                                {pd product} {ergonomic}
    uintx NonProfiledCodeHeapSize                  = 122945536                              {pd product} {ergonomic}
    uintx ProfiledCodeHeapSize                     = 122880000                              {pd product} {ergonomic}
    uintx ReservedCodeCacheSize                    = 251658240                              {pd product} {ergonomic}
     bool SegmentedCodeCache                       = true                                      {product} {ergonomic}
   size_t SoftMaxHeapSize                          = 4227858432                             {manageable} {ergonomic}
     bool UseCompressedOops                        = true                           {product lp64_product} {ergonomic}
     bool UseG1GC                                  = true                                      {product} {ergonomic}
     bool UseLargePagesIndividualAllocation        = false                                  {pd product} {ergonomic}

Logging:
Log output configuration:
 #0: stdout all=warning uptime,level,tags foldmultilines=false
 #1: stderr all=off uptime,level,tags foldmultilines=false

Environment Variables:
JAVA_HOME=C:\Program Files\Java\jdk-23
PATH=C:\Users\Amine Maghrebi\AppData\Local\Programs\Microsoft VS Code;C:\oraclexe\app\oracle\product\11.2.0\server\bin;C:\oraclee\WINDOWS.X64_213000_db_home\bin;C:\Users\maghr\OneDrive\Bureau\WINDOWS.X64_213000_db_home\bin;C:\Users\maghr\OneDrive\Bureau\a\oracle\WINDOWS.X64_213000_db_home\bin;C:\Program Files\Common Files\Oracle\Java\javapath;C:\Program Files (x86)\Common Files\Oracle\Java\javapath;C:\WINDOWS\system32;C:\WINDOWS;C:\WINDOWS\System32\Wbem;C:\WINDOWS\System32\WindowsPowerShell\v1.0\;C:\WINDOWS\System32\OpenSSH\;C:\Program Files\dotnet\;C:\Program Files\Java\jdk-23\bin;C:\xampp\php;C:\ProgramData\ComposerSetup\bin;C:\Users\Amine Maghrebi\developementmobile\flutter\bin;C:\Users\Amine Maghrebi\AppData\Local\Android\sdk;C:\Users\maghr\AppData\Local\nvm;C:\nvm4w\nodejs;C:\xamp\php;C:\Program Files\CodeBlocks\MinGW\bin;C:\Program Files (x86)\GnuWin32\bin;C:\Program Files (x86)\ZeroTier\One\;C:\cygwin64\bin;C:\Program Files\Java\jdk-23\bin;C:\Users\Amine Maghrebi\scoop\shims;C:\Users\Amine Maghrebi\AppData\Local\Microsoft\WindowsApps;C:\Users\Amine Maghrebi\AppData\Local\Programs\Microsoft VS Code\bin;C:\Users\Amine Maghrebi\AppData\Roaming\npm;C:\Users\Amine Maghrebi\AppData\Local\Programs\Git\cmd;C:\Users\Amine Maghrebi\AppData\Local\Programs\cursor\resources\app\bin;C:\Users\Amine Maghrebi\AppData\Local\Programs\Antigravity\bin
USERNAME=Amine Maghrebi
OS=Windows_NT
PROCESSOR_IDENTIFIER=Intel64 Family 6 Model 140 Stepping 2, GenuineIntel
TMP=C:\Users\AMINEM~1\AppData\Local\Temp
TEMP=C:\Users\AMINEM~1\AppData\Local\Temp




Periodic native trim disabled

---------------  S Y S T E M  ---------------

OS:
 Windows 11 , 64 bit Build 26100 (10.0.26100.7920)
OS uptime: 4 days 8:14 hours

CPU: total 8 (initial active 8) (4 cores per cpu, 2 threads per core) family 6 model 140 stepping 2 microcode 0x3c, cx8, cmov, fxsr, ht, mmx, 3dnowpref, sse, sse2, sse3, ssse3, sse4.1, sse4.2, popcnt, lzcnt, tsc, tscinvbit, avx, avx2, aes, erms, clmul, bmi1, bmi2, adx, avx512f, avx512dq, avx512cd, avx512bw, avx512vl, sha, fma, vzeroupper, avx512_vpopcntdq, avx512_vpclmulqdq, avx512_vaes, avx512_vnni, clflush, clflushopt, clwb, avx512_vbmi2, avx512_vbmi, rdtscp, rdpid, fsrm, gfni, avx512_bitalg, f16c, pku, cet_ibt, cet_ss, avx512_ifma
Processor Information for the first 8 processors :
  Max Mhz: 2496, Current Mhz: 2296, Mhz Limit: 2496

Memory: 4k page, system-wide physical 16122M (1041M free)
TotalPageFile size 32506M (AvailPageFile size 67M)
current process WorkingSet (physical memory assigned to process): 13M, peak: 13M
current process commit charge ("private bytes"): 61M, peak: 312M

vm_info: Java HotSpot(TM) 64-Bit Server VM (23+37-2369) for windows-amd64 JRE (23+37-2369), built on 2024-08-20T16:01:23Z with MS VC++ 17.6 (VS2022)

END.
